<?xml version="1.0" encoding="UTF-8"?>
<testng-results ignored="0" total="4" passed="4" failed="0" skipped="0">
  <reporter-output>
  </reporter-output>
  <suite started-at="2025-05-16T10:11:29Z" name="Suite" finished-at="2025-05-16T10:12:07Z" duration-ms="38209">
    <groups>
    </groups>
    <test started-at="2025-05-16T10:11:29Z" name="Test" finished-at="2025-05-16T10:12:07Z" duration-ms="38209">
      <class name="MainClasses.TestClass">
        <test-method is-config="true" signature="setup(java.lang.String)[pri:0, instance:MainClasses.TestClass@2767e23c]" started-at="2025-05-16T15:41:29Z" name="setup" finished-at="2025-05-16T15:41:40Z" duration-ms="11530" status="PASS">
          <params>
            <param index="0">
              <value>
                <![CDATA[chrome]]>
              </value>
            </param>
          </params>
          <reporter-output>
          </reporter-output>
        </test-method> <!-- setup -->
        <test-method is-config="true" signature="setUp()[pri:0, instance:MainClasses.TestClass@2767e23c]" started-at="2025-05-16T15:41:40Z" name="setUp" finished-at="2025-05-16T15:41:40Z" duration-ms="37" status="PASS">
          <reporter-output>
          </reporter-output>
        </test-method> <!-- setUp -->
        <test-method signature="searchInitiation()[pri:1, instance:MainClasses.TestClass@2767e23c]" started-at="2025-05-16T15:41:40Z" name="searchInitiation" finished-at="2025-05-16T15:41:53Z" duration-ms="12713" status="PASS">
          <reporter-output>
          </reporter-output>
        </test-method> <!-- searchInitiation -->
        <test-method signature="datesSelection()[pri:2, instance:MainClasses.TestClass@2767e23c]" started-at="2025-05-16T15:41:53Z" name="datesSelection" finished-at="2025-05-16T15:41:57Z" duration-ms="4137" status="PASS">
          <reporter-output>
          </reporter-output>
        </test-method> <!-- datesSelection -->
        <test-method signature="depSelection()[pri:3, instance:MainClasses.TestClass@2767e23c]" started-at="2025-05-16T15:41:57Z" name="depSelection" finished-at="2025-05-16T15:41:58Z" duration-ms="866" status="PASS">
          <reporter-output>
          </reporter-output>
        </test-method> <!-- depSelection -->
        <test-method signature="resultFiltering()[pri:4, instance:MainClasses.TestClass@2767e23c]" started-at="2025-05-16T15:41:58Z" name="resultFiltering" finished-at="2025-05-16T15:42:01Z" duration-ms="3292" status="PASS">
          <reporter-output>
          </reporter-output>
        </test-method> <!-- resultFiltering -->
        <test-method is-config="true" signature="tearDown()[pri:0, instance:MainClasses.TestClass@2767e23c]" started-at="2025-05-16T15:42:01Z" name="tearDown" finished-at="2025-05-16T15:42:07Z" duration-ms="5602" status="PASS">
          <reporter-output>
          </reporter-output>
        </test-method> <!-- tearDown -->
      </class> <!-- MainClasses.TestClass -->
    </test> <!-- Test -->
  </suite> <!-- Suite -->
</testng-results>
